                                      1 ;--------------------------------------------------------
                                      2 ; File Created by SDCC : free open source ANSI-C Compiler
                                      3 ; Version 3.9.0 #11195 (MINGW64)
                                      4 ;--------------------------------------------------------
                                      5 	.module UART
                                      6 	.optsdcc -mmcs51 --model-large
                                      7 	
                                      8 ;--------------------------------------------------------
                                      9 ; Public variables in this module
                                     10 ;--------------------------------------------------------
                                     11 	.globl _uartISR
                                     12 	.globl _P5_7
                                     13 	.globl _P5_6
                                     14 	.globl _P5_5
                                     15 	.globl _P5_4
                                     16 	.globl _P5_3
                                     17 	.globl _P5_2
                                     18 	.globl _P5_1
                                     19 	.globl _P5_0
                                     20 	.globl _P4_7
                                     21 	.globl _P4_6
                                     22 	.globl _P4_5
                                     23 	.globl _P4_4
                                     24 	.globl _P4_3
                                     25 	.globl _P4_2
                                     26 	.globl _P4_1
                                     27 	.globl _P4_0
                                     28 	.globl _PX0L
                                     29 	.globl _PT0L
                                     30 	.globl _PX1L
                                     31 	.globl _PT1L
                                     32 	.globl _PSL
                                     33 	.globl _PT2L
                                     34 	.globl _PPCL
                                     35 	.globl _EC
                                     36 	.globl _CCF0
                                     37 	.globl _CCF1
                                     38 	.globl _CCF2
                                     39 	.globl _CCF3
                                     40 	.globl _CCF4
                                     41 	.globl _CR
                                     42 	.globl _CF
                                     43 	.globl _TF2
                                     44 	.globl _EXF2
                                     45 	.globl _RCLK
                                     46 	.globl _TCLK
                                     47 	.globl _EXEN2
                                     48 	.globl _TR2
                                     49 	.globl _C_T2
                                     50 	.globl _CP_RL2
                                     51 	.globl _T2CON_7
                                     52 	.globl _T2CON_6
                                     53 	.globl _T2CON_5
                                     54 	.globl _T2CON_4
                                     55 	.globl _T2CON_3
                                     56 	.globl _T2CON_2
                                     57 	.globl _T2CON_1
                                     58 	.globl _T2CON_0
                                     59 	.globl _PT2
                                     60 	.globl _ET2
                                     61 	.globl _TF1
                                     62 	.globl _TR1
                                     63 	.globl _TF0
                                     64 	.globl _TR0
                                     65 	.globl _IE1
                                     66 	.globl _IT1
                                     67 	.globl _IE0
                                     68 	.globl _IT0
                                     69 	.globl _SM0
                                     70 	.globl _SM1
                                     71 	.globl _SM2
                                     72 	.globl _REN
                                     73 	.globl _TB8
                                     74 	.globl _RB8
                                     75 	.globl _TI
                                     76 	.globl _RI
                                     77 	.globl _CY
                                     78 	.globl _AC
                                     79 	.globl _F0
                                     80 	.globl _RS1
                                     81 	.globl _RS0
                                     82 	.globl _OV
                                     83 	.globl _F1
                                     84 	.globl _P
                                     85 	.globl _RD
                                     86 	.globl _WR
                                     87 	.globl _T1
                                     88 	.globl _T0
                                     89 	.globl _INT1
                                     90 	.globl _INT0
                                     91 	.globl _TXD0
                                     92 	.globl _TXD
                                     93 	.globl _RXD0
                                     94 	.globl _RXD
                                     95 	.globl _P3_7
                                     96 	.globl _P3_6
                                     97 	.globl _P3_5
                                     98 	.globl _P3_4
                                     99 	.globl _P3_3
                                    100 	.globl _P3_2
                                    101 	.globl _P3_1
                                    102 	.globl _P3_0
                                    103 	.globl _P2_7
                                    104 	.globl _P2_6
                                    105 	.globl _P2_5
                                    106 	.globl _P2_4
                                    107 	.globl _P2_3
                                    108 	.globl _P2_2
                                    109 	.globl _P2_1
                                    110 	.globl _P2_0
                                    111 	.globl _P1_7
                                    112 	.globl _P1_6
                                    113 	.globl _P1_5
                                    114 	.globl _P1_4
                                    115 	.globl _P1_3
                                    116 	.globl _P1_2
                                    117 	.globl _P1_1
                                    118 	.globl _P1_0
                                    119 	.globl _P0_7
                                    120 	.globl _P0_6
                                    121 	.globl _P0_5
                                    122 	.globl _P0_4
                                    123 	.globl _P0_3
                                    124 	.globl _P0_2
                                    125 	.globl _P0_1
                                    126 	.globl _P0_0
                                    127 	.globl _PS
                                    128 	.globl _PT1
                                    129 	.globl _PX1
                                    130 	.globl _PT0
                                    131 	.globl _PX0
                                    132 	.globl _EA
                                    133 	.globl _ES
                                    134 	.globl _ET1
                                    135 	.globl _EX1
                                    136 	.globl _ET0
                                    137 	.globl _EX0
                                    138 	.globl _BREG_F7
                                    139 	.globl _BREG_F6
                                    140 	.globl _BREG_F5
                                    141 	.globl _BREG_F4
                                    142 	.globl _BREG_F3
                                    143 	.globl _BREG_F2
                                    144 	.globl _BREG_F1
                                    145 	.globl _BREG_F0
                                    146 	.globl _EECON
                                    147 	.globl _KBF
                                    148 	.globl _KBE
                                    149 	.globl _KBLS
                                    150 	.globl _BRL
                                    151 	.globl _BDRCON
                                    152 	.globl _T2MOD
                                    153 	.globl _SPDAT
                                    154 	.globl _SPSTA
                                    155 	.globl _SPCON
                                    156 	.globl _SADEN
                                    157 	.globl _SADDR
                                    158 	.globl _WDTPRG
                                    159 	.globl _WDTRST
                                    160 	.globl _P5
                                    161 	.globl _P4
                                    162 	.globl _IPH1
                                    163 	.globl _IPL1
                                    164 	.globl _IPH0
                                    165 	.globl _IPL0
                                    166 	.globl _IEN1
                                    167 	.globl _IEN0
                                    168 	.globl _CMOD
                                    169 	.globl _CL
                                    170 	.globl _CH
                                    171 	.globl _CCON
                                    172 	.globl _CCAPM4
                                    173 	.globl _CCAPM3
                                    174 	.globl _CCAPM2
                                    175 	.globl _CCAPM1
                                    176 	.globl _CCAPM0
                                    177 	.globl _CCAP4L
                                    178 	.globl _CCAP3L
                                    179 	.globl _CCAP2L
                                    180 	.globl _CCAP1L
                                    181 	.globl _CCAP0L
                                    182 	.globl _CCAP4H
                                    183 	.globl _CCAP3H
                                    184 	.globl _CCAP2H
                                    185 	.globl _CCAP1H
                                    186 	.globl _CCAP0H
                                    187 	.globl _CKCON1
                                    188 	.globl _CKCON0
                                    189 	.globl _CKRL
                                    190 	.globl _AUXR1
                                    191 	.globl _AUXR
                                    192 	.globl _TH2
                                    193 	.globl _TL2
                                    194 	.globl _RCAP2H
                                    195 	.globl _RCAP2L
                                    196 	.globl _T2CON
                                    197 	.globl _TMOD
                                    198 	.globl _TL1
                                    199 	.globl _TL0
                                    200 	.globl _TH1
                                    201 	.globl _TH0
                                    202 	.globl _TCON
                                    203 	.globl _SP
                                    204 	.globl _SCON
                                    205 	.globl _SBUF0
                                    206 	.globl _SBUF
                                    207 	.globl _PSW
                                    208 	.globl _PCON
                                    209 	.globl _P3
                                    210 	.globl _P2
                                    211 	.globl _P1
                                    212 	.globl _P0
                                    213 	.globl _IP
                                    214 	.globl _IE
                                    215 	.globl _DP0L
                                    216 	.globl _DPL
                                    217 	.globl _DP0H
                                    218 	.globl _DPH
                                    219 	.globl _B
                                    220 	.globl _ACC
                                    221 	.globl _serial_init
                                    222 	.globl _UART_receive
                                    223 ;--------------------------------------------------------
                                    224 ; special function registers
                                    225 ;--------------------------------------------------------
                                    226 	.area RSEG    (ABS,DATA)
      000000                        227 	.org 0x0000
                           0000E0   228 _ACC	=	0x00e0
                           0000F0   229 _B	=	0x00f0
                           000083   230 _DPH	=	0x0083
                           000083   231 _DP0H	=	0x0083
                           000082   232 _DPL	=	0x0082
                           000082   233 _DP0L	=	0x0082
                           0000A8   234 _IE	=	0x00a8
                           0000B8   235 _IP	=	0x00b8
                           000080   236 _P0	=	0x0080
                           000090   237 _P1	=	0x0090
                           0000A0   238 _P2	=	0x00a0
                           0000B0   239 _P3	=	0x00b0
                           000087   240 _PCON	=	0x0087
                           0000D0   241 _PSW	=	0x00d0
                           000099   242 _SBUF	=	0x0099
                           000099   243 _SBUF0	=	0x0099
                           000098   244 _SCON	=	0x0098
                           000081   245 _SP	=	0x0081
                           000088   246 _TCON	=	0x0088
                           00008C   247 _TH0	=	0x008c
                           00008D   248 _TH1	=	0x008d
                           00008A   249 _TL0	=	0x008a
                           00008B   250 _TL1	=	0x008b
                           000089   251 _TMOD	=	0x0089
                           0000C8   252 _T2CON	=	0x00c8
                           0000CA   253 _RCAP2L	=	0x00ca
                           0000CB   254 _RCAP2H	=	0x00cb
                           0000CC   255 _TL2	=	0x00cc
                           0000CD   256 _TH2	=	0x00cd
                           00008E   257 _AUXR	=	0x008e
                           0000A2   258 _AUXR1	=	0x00a2
                           000097   259 _CKRL	=	0x0097
                           00008F   260 _CKCON0	=	0x008f
                           0000AF   261 _CKCON1	=	0x00af
                           0000FA   262 _CCAP0H	=	0x00fa
                           0000FB   263 _CCAP1H	=	0x00fb
                           0000FC   264 _CCAP2H	=	0x00fc
                           0000FD   265 _CCAP3H	=	0x00fd
                           0000FE   266 _CCAP4H	=	0x00fe
                           0000EA   267 _CCAP0L	=	0x00ea
                           0000EB   268 _CCAP1L	=	0x00eb
                           0000EC   269 _CCAP2L	=	0x00ec
                           0000ED   270 _CCAP3L	=	0x00ed
                           0000EE   271 _CCAP4L	=	0x00ee
                           0000DA   272 _CCAPM0	=	0x00da
                           0000DB   273 _CCAPM1	=	0x00db
                           0000DC   274 _CCAPM2	=	0x00dc
                           0000DD   275 _CCAPM3	=	0x00dd
                           0000DE   276 _CCAPM4	=	0x00de
                           0000D8   277 _CCON	=	0x00d8
                           0000F9   278 _CH	=	0x00f9
                           0000E9   279 _CL	=	0x00e9
                           0000D9   280 _CMOD	=	0x00d9
                           0000A8   281 _IEN0	=	0x00a8
                           0000B1   282 _IEN1	=	0x00b1
                           0000B8   283 _IPL0	=	0x00b8
                           0000B7   284 _IPH0	=	0x00b7
                           0000B2   285 _IPL1	=	0x00b2
                           0000B3   286 _IPH1	=	0x00b3
                           0000C0   287 _P4	=	0x00c0
                           0000E8   288 _P5	=	0x00e8
                           0000A6   289 _WDTRST	=	0x00a6
                           0000A7   290 _WDTPRG	=	0x00a7
                           0000A9   291 _SADDR	=	0x00a9
                           0000B9   292 _SADEN	=	0x00b9
                           0000C3   293 _SPCON	=	0x00c3
                           0000C4   294 _SPSTA	=	0x00c4
                           0000C5   295 _SPDAT	=	0x00c5
                           0000C9   296 _T2MOD	=	0x00c9
                           00009B   297 _BDRCON	=	0x009b
                           00009A   298 _BRL	=	0x009a
                           00009C   299 _KBLS	=	0x009c
                           00009D   300 _KBE	=	0x009d
                           00009E   301 _KBF	=	0x009e
                           0000D2   302 _EECON	=	0x00d2
                                    303 ;--------------------------------------------------------
                                    304 ; special function bits
                                    305 ;--------------------------------------------------------
                                    306 	.area RSEG    (ABS,DATA)
      000000                        307 	.org 0x0000
                           0000F0   308 _BREG_F0	=	0x00f0
                           0000F1   309 _BREG_F1	=	0x00f1
                           0000F2   310 _BREG_F2	=	0x00f2
                           0000F3   311 _BREG_F3	=	0x00f3
                           0000F4   312 _BREG_F4	=	0x00f4
                           0000F5   313 _BREG_F5	=	0x00f5
                           0000F6   314 _BREG_F6	=	0x00f6
                           0000F7   315 _BREG_F7	=	0x00f7
                           0000A8   316 _EX0	=	0x00a8
                           0000A9   317 _ET0	=	0x00a9
                           0000AA   318 _EX1	=	0x00aa
                           0000AB   319 _ET1	=	0x00ab
                           0000AC   320 _ES	=	0x00ac
                           0000AF   321 _EA	=	0x00af
                           0000B8   322 _PX0	=	0x00b8
                           0000B9   323 _PT0	=	0x00b9
                           0000BA   324 _PX1	=	0x00ba
                           0000BB   325 _PT1	=	0x00bb
                           0000BC   326 _PS	=	0x00bc
                           000080   327 _P0_0	=	0x0080
                           000081   328 _P0_1	=	0x0081
                           000082   329 _P0_2	=	0x0082
                           000083   330 _P0_3	=	0x0083
                           000084   331 _P0_4	=	0x0084
                           000085   332 _P0_5	=	0x0085
                           000086   333 _P0_6	=	0x0086
                           000087   334 _P0_7	=	0x0087
                           000090   335 _P1_0	=	0x0090
                           000091   336 _P1_1	=	0x0091
                           000092   337 _P1_2	=	0x0092
                           000093   338 _P1_3	=	0x0093
                           000094   339 _P1_4	=	0x0094
                           000095   340 _P1_5	=	0x0095
                           000096   341 _P1_6	=	0x0096
                           000097   342 _P1_7	=	0x0097
                           0000A0   343 _P2_0	=	0x00a0
                           0000A1   344 _P2_1	=	0x00a1
                           0000A2   345 _P2_2	=	0x00a2
                           0000A3   346 _P2_3	=	0x00a3
                           0000A4   347 _P2_4	=	0x00a4
                           0000A5   348 _P2_5	=	0x00a5
                           0000A6   349 _P2_6	=	0x00a6
                           0000A7   350 _P2_7	=	0x00a7
                           0000B0   351 _P3_0	=	0x00b0
                           0000B1   352 _P3_1	=	0x00b1
                           0000B2   353 _P3_2	=	0x00b2
                           0000B3   354 _P3_3	=	0x00b3
                           0000B4   355 _P3_4	=	0x00b4
                           0000B5   356 _P3_5	=	0x00b5
                           0000B6   357 _P3_6	=	0x00b6
                           0000B7   358 _P3_7	=	0x00b7
                           0000B0   359 _RXD	=	0x00b0
                           0000B0   360 _RXD0	=	0x00b0
                           0000B1   361 _TXD	=	0x00b1
                           0000B1   362 _TXD0	=	0x00b1
                           0000B2   363 _INT0	=	0x00b2
                           0000B3   364 _INT1	=	0x00b3
                           0000B4   365 _T0	=	0x00b4
                           0000B5   366 _T1	=	0x00b5
                           0000B6   367 _WR	=	0x00b6
                           0000B7   368 _RD	=	0x00b7
                           0000D0   369 _P	=	0x00d0
                           0000D1   370 _F1	=	0x00d1
                           0000D2   371 _OV	=	0x00d2
                           0000D3   372 _RS0	=	0x00d3
                           0000D4   373 _RS1	=	0x00d4
                           0000D5   374 _F0	=	0x00d5
                           0000D6   375 _AC	=	0x00d6
                           0000D7   376 _CY	=	0x00d7
                           000098   377 _RI	=	0x0098
                           000099   378 _TI	=	0x0099
                           00009A   379 _RB8	=	0x009a
                           00009B   380 _TB8	=	0x009b
                           00009C   381 _REN	=	0x009c
                           00009D   382 _SM2	=	0x009d
                           00009E   383 _SM1	=	0x009e
                           00009F   384 _SM0	=	0x009f
                           000088   385 _IT0	=	0x0088
                           000089   386 _IE0	=	0x0089
                           00008A   387 _IT1	=	0x008a
                           00008B   388 _IE1	=	0x008b
                           00008C   389 _TR0	=	0x008c
                           00008D   390 _TF0	=	0x008d
                           00008E   391 _TR1	=	0x008e
                           00008F   392 _TF1	=	0x008f
                           0000AD   393 _ET2	=	0x00ad
                           0000BD   394 _PT2	=	0x00bd
                           0000C8   395 _T2CON_0	=	0x00c8
                           0000C9   396 _T2CON_1	=	0x00c9
                           0000CA   397 _T2CON_2	=	0x00ca
                           0000CB   398 _T2CON_3	=	0x00cb
                           0000CC   399 _T2CON_4	=	0x00cc
                           0000CD   400 _T2CON_5	=	0x00cd
                           0000CE   401 _T2CON_6	=	0x00ce
                           0000CF   402 _T2CON_7	=	0x00cf
                           0000C8   403 _CP_RL2	=	0x00c8
                           0000C9   404 _C_T2	=	0x00c9
                           0000CA   405 _TR2	=	0x00ca
                           0000CB   406 _EXEN2	=	0x00cb
                           0000CC   407 _TCLK	=	0x00cc
                           0000CD   408 _RCLK	=	0x00cd
                           0000CE   409 _EXF2	=	0x00ce
                           0000CF   410 _TF2	=	0x00cf
                           0000DF   411 _CF	=	0x00df
                           0000DE   412 _CR	=	0x00de
                           0000DC   413 _CCF4	=	0x00dc
                           0000DB   414 _CCF3	=	0x00db
                           0000DA   415 _CCF2	=	0x00da
                           0000D9   416 _CCF1	=	0x00d9
                           0000D8   417 _CCF0	=	0x00d8
                           0000AE   418 _EC	=	0x00ae
                           0000BE   419 _PPCL	=	0x00be
                           0000BD   420 _PT2L	=	0x00bd
                           0000BC   421 _PSL	=	0x00bc
                           0000BB   422 _PT1L	=	0x00bb
                           0000BA   423 _PX1L	=	0x00ba
                           0000B9   424 _PT0L	=	0x00b9
                           0000B8   425 _PX0L	=	0x00b8
                           0000C0   426 _P4_0	=	0x00c0
                           0000C1   427 _P4_1	=	0x00c1
                           0000C2   428 _P4_2	=	0x00c2
                           0000C3   429 _P4_3	=	0x00c3
                           0000C4   430 _P4_4	=	0x00c4
                           0000C5   431 _P4_5	=	0x00c5
                           0000C6   432 _P4_6	=	0x00c6
                           0000C7   433 _P4_7	=	0x00c7
                           0000E8   434 _P5_0	=	0x00e8
                           0000E9   435 _P5_1	=	0x00e9
                           0000EA   436 _P5_2	=	0x00ea
                           0000EB   437 _P5_3	=	0x00eb
                           0000EC   438 _P5_4	=	0x00ec
                           0000ED   439 _P5_5	=	0x00ed
                           0000EE   440 _P5_6	=	0x00ee
                           0000EF   441 _P5_7	=	0x00ef
                                    442 ;--------------------------------------------------------
                                    443 ; overlayable register banks
                                    444 ;--------------------------------------------------------
                                    445 	.area REG_BANK_0	(REL,OVR,DATA)
      000000                        446 	.ds 8
                                    447 ;--------------------------------------------------------
                                    448 ; overlayable bit register bank
                                    449 ;--------------------------------------------------------
                                    450 	.area BIT_BANK	(REL,OVR,DATA)
      000000                        451 bits:
      000000                        452 	.ds 1
                           008000   453 	b0 = bits[0]
                           008100   454 	b1 = bits[1]
                           008200   455 	b2 = bits[2]
                           008300   456 	b3 = bits[3]
                           008400   457 	b4 = bits[4]
                           008500   458 	b5 = bits[5]
                           008600   459 	b6 = bits[6]
                           008700   460 	b7 = bits[7]
                                    461 ;--------------------------------------------------------
                                    462 ; internal ram data
                                    463 ;--------------------------------------------------------
                                    464 	.area DSEG    (DATA)
                                    465 ;--------------------------------------------------------
                                    466 ; overlayable items in internal ram 
                                    467 ;--------------------------------------------------------
                                    468 ;--------------------------------------------------------
                                    469 ; indirectly addressable internal ram data
                                    470 ;--------------------------------------------------------
                                    471 	.area ISEG    (DATA)
                                    472 ;--------------------------------------------------------
                                    473 ; absolute internal ram data
                                    474 ;--------------------------------------------------------
                                    475 	.area IABS    (ABS,DATA)
                                    476 	.area IABS    (ABS,DATA)
                                    477 ;--------------------------------------------------------
                                    478 ; bit data
                                    479 ;--------------------------------------------------------
                                    480 	.area BSEG    (BIT)
                                    481 ;--------------------------------------------------------
                                    482 ; paged external ram data
                                    483 ;--------------------------------------------------------
                                    484 	.area PSEG    (PAG,XDATA)
                                    485 ;--------------------------------------------------------
                                    486 ; external ram data
                                    487 ;--------------------------------------------------------
                                    488 	.area XSEG    (XDATA)
      000000                        489 _UART_receive_ch_65536_64:
      000000                        490 	.ds 1
                                    491 ;--------------------------------------------------------
                                    492 ; absolute external ram data
                                    493 ;--------------------------------------------------------
                                    494 	.area XABS    (ABS,XDATA)
                                    495 ;--------------------------------------------------------
                                    496 ; external initialized ram data
                                    497 ;--------------------------------------------------------
                                    498 	.area XISEG   (XDATA)
                                    499 	.area HOME    (CODE)
                                    500 	.area GSINIT0 (CODE)
                                    501 	.area GSINIT1 (CODE)
                                    502 	.area GSINIT2 (CODE)
                                    503 	.area GSINIT3 (CODE)
                                    504 	.area GSINIT4 (CODE)
                                    505 	.area GSINIT5 (CODE)
                                    506 	.area GSINIT  (CODE)
                                    507 	.area GSFINAL (CODE)
                                    508 	.area CSEG    (CODE)
                                    509 ;--------------------------------------------------------
                                    510 ; global & static initialisations
                                    511 ;--------------------------------------------------------
                                    512 	.area HOME    (CODE)
                                    513 	.area GSINIT  (CODE)
                                    514 	.area GSFINAL (CODE)
                                    515 	.area GSINIT  (CODE)
                                    516 ;--------------------------------------------------------
                                    517 ; Home
                                    518 ;--------------------------------------------------------
                                    519 	.area HOME    (CODE)
                                    520 	.area HOME    (CODE)
                                    521 ;--------------------------------------------------------
                                    522 ; code
                                    523 ;--------------------------------------------------------
                                    524 	.area CSEG    (CODE)
                                    525 ;------------------------------------------------------------
                                    526 ;Allocation info for local variables in function 'serial_init'
                                    527 ;------------------------------------------------------------
                                    528 ;	UART.c:20: void serial_init()
                                    529 ;	-----------------------------------------
                                    530 ;	 function serial_init
                                    531 ;	-----------------------------------------
      000000                        532 _serial_init:
                           000007   533 	ar7 = 0x07
                           000006   534 	ar6 = 0x06
                           000005   535 	ar5 = 0x05
                           000004   536 	ar4 = 0x04
                           000003   537 	ar3 = 0x03
                           000002   538 	ar2 = 0x02
                           000001   539 	ar1 = 0x01
                           000000   540 	ar0 = 0x00
                                    541 ;	UART.c:23: TMOD = 0X21;
      000000 75 89 21         [24]  542 	mov	_TMOD,#0x21
                                    543 ;	UART.c:25: TH1 = 0XFD;
      000003 75 8D FD         [24]  544 	mov	_TH1,#0xfd
                                    545 ;	UART.c:27: SCON = 0X50;
      000006 75 98 50         [24]  546 	mov	_SCON,#0x50
                                    547 ;	UART.c:29: IE = 0X92;
      000009 75 A8 92         [24]  548 	mov	_IE,#0x92
                                    549 ;	UART.c:31: TR1 = 1;
                                    550 ;	assignBit
      00000C D2 8E            [12]  551 	setb	_TR1
                                    552 ;	UART.c:32: }
      00000E 22               [24]  553 	ret
                                    554 ;------------------------------------------------------------
                                    555 ;Allocation info for local variables in function 'UART_receive'
                                    556 ;------------------------------------------------------------
                                    557 ;ch                        Allocated with name '_UART_receive_ch_65536_64'
                                    558 ;------------------------------------------------------------
                                    559 ;	UART.c:47: char UART_receive()
                                    560 ;	-----------------------------------------
                                    561 ;	 function UART_receive
                                    562 ;	-----------------------------------------
      00000F                        563 _UART_receive:
                                    564 ;	UART.c:51: ch = SBUF;
      00000F 90r00r00         [24]  565 	mov	dptr,#_UART_receive_ch_65536_64
      000012 E5 99            [12]  566 	mov	a,_SBUF
      000014 F0               [24]  567 	movx	@dptr,a
                                    568 ;	UART.c:52: return ch;
      000015 E0               [24]  569 	movx	a,@dptr
                                    570 ;	UART.c:53: }
      000016 F5 82            [12]  571 	mov	dpl,a
      000018 22               [24]  572 	ret
                                    573 ;------------------------------------------------------------
                                    574 ;Allocation info for local variables in function 'uartISR'
                                    575 ;------------------------------------------------------------
                                    576 ;receiveChar               Allocated with name '_uartISR_receiveChar_65536_66'
                                    577 ;------------------------------------------------------------
                                    578 ;	UART.c:71: void uartISR(void)__interrupt(4)
                                    579 ;	-----------------------------------------
                                    580 ;	 function uartISR
                                    581 ;	-----------------------------------------
      000019                        582 _uartISR:
      000019 C0*00            [24]  583 	push	bits
      00001B C0 E0            [24]  584 	push	acc
      00001D C0 F0            [24]  585 	push	b
      00001F C0 82            [24]  586 	push	dpl
      000021 C0 83            [24]  587 	push	dph
      000023 C0 07            [24]  588 	push	(0+7)
      000025 C0 06            [24]  589 	push	(0+6)
      000027 C0 05            [24]  590 	push	(0+5)
      000029 C0 04            [24]  591 	push	(0+4)
      00002B C0 03            [24]  592 	push	(0+3)
      00002D C0 02            [24]  593 	push	(0+2)
      00002F C0 01            [24]  594 	push	(0+1)
      000031 C0 00            [24]  595 	push	(0+0)
      000033 C0 D0            [24]  596 	push	psw
      000035 75 D0 00         [24]  597 	mov	psw,#0x00
                                    598 ;	UART.c:74: if(RI == 1)
      000038 20 98 03         [24]  599 	jb	_RI,00148$
      00003B 02r01r8A         [24]  600 	ljmp	00118$
      00003E                        601 00148$:
                                    602 ;	UART.c:76: receiveChar = UART_receive();
      00003E 12r00r0F         [24]  603 	lcall	_UART_receive
      000041 AF 82            [24]  604 	mov	r7,dpl
                                    605 ;	UART.c:78: if(receiveChar == '+')
      000043 BF 2B 02         [24]  606 	cjne	r7,#0x2b,00149$
      000046 80 03            [24]  607 	sjmp	00150$
      000048                        608 00149$:
      000048 02r00rCE         [24]  609 	ljmp	00114$
      00004B                        610 00150$:
                                    611 ;	UART.c:80: if(Percent < 100)
      00004B 90r00r00         [24]  612 	mov	dptr,#_Percent
      00004E E0               [24]  613 	movx	a,@dptr
      00004F FB               [12]  614 	mov	r3,a
      000050 A3               [24]  615 	inc	dptr
      000051 E0               [24]  616 	movx	a,@dptr
      000052 FC               [12]  617 	mov	r4,a
      000053 A3               [24]  618 	inc	dptr
      000054 E0               [24]  619 	movx	a,@dptr
      000055 FD               [12]  620 	mov	r5,a
      000056 A3               [24]  621 	inc	dptr
      000057 E0               [24]  622 	movx	a,@dptr
      000058 FE               [12]  623 	mov	r6,a
      000059 C0 06            [24]  624 	push	ar6
      00005B C0 05            [24]  625 	push	ar5
      00005D C0 04            [24]  626 	push	ar4
      00005F C0 03            [24]  627 	push	ar3
      000061 E4               [12]  628 	clr	a
      000062 C0 E0            [24]  629 	push	acc
      000064 C0 E0            [24]  630 	push	acc
      000066 74 C8            [12]  631 	mov	a,#0xc8
      000068 C0 E0            [24]  632 	push	acc
      00006A 74 42            [12]  633 	mov	a,#0x42
      00006C C0 E0            [24]  634 	push	acc
      00006E 8B 82            [24]  635 	mov	dpl,r3
      000070 8C 83            [24]  636 	mov	dph,r4
      000072 8D F0            [24]  637 	mov	b,r5
      000074 EE               [12]  638 	mov	a,r6
      000075 12r00r00         [24]  639 	lcall	___fslt
      000078 AA 82            [24]  640 	mov	r2,dpl
      00007A E5 81            [12]  641 	mov	a,sp
      00007C 24 FC            [12]  642 	add	a,#0xfc
      00007E F5 81            [12]  643 	mov	sp,a
      000080 D0 03            [24]  644 	pop	ar3
      000082 D0 04            [24]  645 	pop	ar4
      000084 D0 05            [24]  646 	pop	ar5
      000086 D0 06            [24]  647 	pop	ar6
      000088 EA               [12]  648 	mov	a,r2
      000089 70 03            [24]  649 	jnz	00151$
      00008B 02r01r8A         [24]  650 	ljmp	00118$
      00008E                        651 00151$:
                                    652 ;	UART.c:82: Percent += 10;
      00008E E4               [12]  653 	clr	a
      00008F C0 E0            [24]  654 	push	acc
      000091 C0 E0            [24]  655 	push	acc
      000093 74 20            [12]  656 	mov	a,#0x20
      000095 C0 E0            [24]  657 	push	acc
      000097 74 41            [12]  658 	mov	a,#0x41
      000099 C0 E0            [24]  659 	push	acc
      00009B 8B 82            [24]  660 	mov	dpl,r3
      00009D 8C 83            [24]  661 	mov	dph,r4
      00009F 8D F0            [24]  662 	mov	b,r5
      0000A1 EE               [12]  663 	mov	a,r6
      0000A2 12r00r00         [24]  664 	lcall	___fsadd
      0000A5 AB 82            [24]  665 	mov	r3,dpl
      0000A7 AC 83            [24]  666 	mov	r4,dph
      0000A9 AD F0            [24]  667 	mov	r5,b
      0000AB FE               [12]  668 	mov	r6,a
      0000AC E5 81            [12]  669 	mov	a,sp
      0000AE 24 FC            [12]  670 	add	a,#0xfc
      0000B0 F5 81            [12]  671 	mov	sp,a
      0000B2 90r00r00         [24]  672 	mov	dptr,#_Percent
      0000B5 EB               [12]  673 	mov	a,r3
      0000B6 F0               [24]  674 	movx	@dptr,a
      0000B7 EC               [12]  675 	mov	a,r4
      0000B8 A3               [24]  676 	inc	dptr
      0000B9 F0               [24]  677 	movx	@dptr,a
      0000BA ED               [12]  678 	mov	a,r5
      0000BB A3               [24]  679 	inc	dptr
      0000BC F0               [24]  680 	movx	@dptr,a
      0000BD EE               [12]  681 	mov	a,r6
      0000BE A3               [24]  682 	inc	dptr
      0000BF F0               [24]  683 	movx	@dptr,a
                                    684 ;	UART.c:83: interrupt_flag = 1;
      0000C0 90r00r00         [24]  685 	mov	dptr,#_interrupt_flag
      0000C3 74 01            [12]  686 	mov	a,#0x01
      0000C5 F0               [24]  687 	movx	@dptr,a
      0000C6 E4               [12]  688 	clr	a
      0000C7 A3               [24]  689 	inc	dptr
      0000C8 F0               [24]  690 	movx	@dptr,a
                                    691 ;	UART.c:84: RI = 0;
                                    692 ;	assignBit
      0000C9 C2 98            [12]  693 	clr	_RI
      0000CB 02r01r8A         [24]  694 	ljmp	00118$
      0000CE                        695 00114$:
                                    696 ;	UART.c:89: else if(receiveChar == '-')
      0000CE BF 2D 02         [24]  697 	cjne	r7,#0x2d,00152$
      0000D1 80 02            [24]  698 	sjmp	00153$
      0000D3                        699 00152$:
      0000D3 80 79            [24]  700 	sjmp	00111$
      0000D5                        701 00153$:
                                    702 ;	UART.c:91: if(Percent > 0)
      0000D5 90r00r00         [24]  703 	mov	dptr,#_Percent
      0000D8 E0               [24]  704 	movx	a,@dptr
      0000D9 FB               [12]  705 	mov	r3,a
      0000DA A3               [24]  706 	inc	dptr
      0000DB E0               [24]  707 	movx	a,@dptr
      0000DC FC               [12]  708 	mov	r4,a
      0000DD A3               [24]  709 	inc	dptr
      0000DE E0               [24]  710 	movx	a,@dptr
      0000DF FD               [12]  711 	mov	r5,a
      0000E0 A3               [24]  712 	inc	dptr
      0000E1 E0               [24]  713 	movx	a,@dptr
      0000E2 FE               [12]  714 	mov	r6,a
      0000E3 C0 06            [24]  715 	push	ar6
      0000E5 C0 05            [24]  716 	push	ar5
      0000E7 C0 04            [24]  717 	push	ar4
      0000E9 C0 03            [24]  718 	push	ar3
      0000EB C0 03            [24]  719 	push	ar3
      0000ED C0 04            [24]  720 	push	ar4
      0000EF C0 05            [24]  721 	push	ar5
      0000F1 C0 06            [24]  722 	push	ar6
      0000F3 90 00 00         [24]  723 	mov	dptr,#(0x00&0x00ff)
      0000F6 E4               [12]  724 	clr	a
      0000F7 F5 F0            [12]  725 	mov	b,a
      0000F9 12r00r00         [24]  726 	lcall	___fslt
      0000FC AA 82            [24]  727 	mov	r2,dpl
      0000FE E5 81            [12]  728 	mov	a,sp
      000100 24 FC            [12]  729 	add	a,#0xfc
      000102 F5 81            [12]  730 	mov	sp,a
      000104 D0 03            [24]  731 	pop	ar3
      000106 D0 04            [24]  732 	pop	ar4
      000108 D0 05            [24]  733 	pop	ar5
      00010A D0 06            [24]  734 	pop	ar6
      00010C EA               [12]  735 	mov	a,r2
      00010D 60 7B            [24]  736 	jz	00118$
                                    737 ;	UART.c:93: Percent -= 10;
      00010F E4               [12]  738 	clr	a
      000110 C0 E0            [24]  739 	push	acc
      000112 C0 E0            [24]  740 	push	acc
      000114 74 20            [12]  741 	mov	a,#0x20
      000116 C0 E0            [24]  742 	push	acc
      000118 74 41            [12]  743 	mov	a,#0x41
      00011A C0 E0            [24]  744 	push	acc
      00011C 8B 82            [24]  745 	mov	dpl,r3
      00011E 8C 83            [24]  746 	mov	dph,r4
      000120 8D F0            [24]  747 	mov	b,r5
      000122 EE               [12]  748 	mov	a,r6
      000123 12r00r00         [24]  749 	lcall	___fssub
      000126 AB 82            [24]  750 	mov	r3,dpl
      000128 AC 83            [24]  751 	mov	r4,dph
      00012A AD F0            [24]  752 	mov	r5,b
      00012C FE               [12]  753 	mov	r6,a
      00012D E5 81            [12]  754 	mov	a,sp
      00012F 24 FC            [12]  755 	add	a,#0xfc
      000131 F5 81            [12]  756 	mov	sp,a
      000133 90r00r00         [24]  757 	mov	dptr,#_Percent
      000136 EB               [12]  758 	mov	a,r3
      000137 F0               [24]  759 	movx	@dptr,a
      000138 EC               [12]  760 	mov	a,r4
      000139 A3               [24]  761 	inc	dptr
      00013A F0               [24]  762 	movx	@dptr,a
      00013B ED               [12]  763 	mov	a,r5
      00013C A3               [24]  764 	inc	dptr
      00013D F0               [24]  765 	movx	@dptr,a
      00013E EE               [12]  766 	mov	a,r6
      00013F A3               [24]  767 	inc	dptr
      000140 F0               [24]  768 	movx	@dptr,a
                                    769 ;	UART.c:94: interrupt_flag = 1;
      000141 90r00r00         [24]  770 	mov	dptr,#_interrupt_flag
      000144 74 01            [12]  771 	mov	a,#0x01
      000146 F0               [24]  772 	movx	@dptr,a
      000147 E4               [12]  773 	clr	a
      000148 A3               [24]  774 	inc	dptr
      000149 F0               [24]  775 	movx	@dptr,a
                                    776 ;	UART.c:95: RI = 0;
                                    777 ;	assignBit
      00014A C2 98            [12]  778 	clr	_RI
      00014C 80 3C            [24]  779 	sjmp	00118$
      00014E                        780 00111$:
                                    781 ;	UART.c:99: else if(receiveChar == '0')
      00014E BF 30 1C         [24]  782 	cjne	r7,#0x30,00108$
                                    783 ;	UART.c:101: Percent = 50;
      000151 90r00r00         [24]  784 	mov	dptr,#_Percent
      000154 E4               [12]  785 	clr	a
      000155 F0               [24]  786 	movx	@dptr,a
      000156 A3               [24]  787 	inc	dptr
      000157 F0               [24]  788 	movx	@dptr,a
      000158 74 48            [12]  789 	mov	a,#0x48
      00015A A3               [24]  790 	inc	dptr
      00015B F0               [24]  791 	movx	@dptr,a
      00015C 74 42            [12]  792 	mov	a,#0x42
      00015E A3               [24]  793 	inc	dptr
      00015F F0               [24]  794 	movx	@dptr,a
                                    795 ;	UART.c:102: interrupt_flag = 1;
      000160 90r00r00         [24]  796 	mov	dptr,#_interrupt_flag
      000163 74 01            [12]  797 	mov	a,#0x01
      000165 F0               [24]  798 	movx	@dptr,a
      000166 E4               [12]  799 	clr	a
      000167 A3               [24]  800 	inc	dptr
      000168 F0               [24]  801 	movx	@dptr,a
                                    802 ;	UART.c:103: RI = 0;
                                    803 ;	assignBit
      000169 C2 98            [12]  804 	clr	_RI
      00016B 80 1D            [24]  805 	sjmp	00118$
      00016D                        806 00108$:
                                    807 ;	UART.c:106: else if(receiveChar == '1')
      00016D BF 31 1A         [24]  808 	cjne	r7,#0x31,00118$
                                    809 ;	UART.c:108: Percent = 60;
      000170 90r00r00         [24]  810 	mov	dptr,#_Percent
      000173 E4               [12]  811 	clr	a
      000174 F0               [24]  812 	movx	@dptr,a
      000175 A3               [24]  813 	inc	dptr
      000176 F0               [24]  814 	movx	@dptr,a
      000177 74 70            [12]  815 	mov	a,#0x70
      000179 A3               [24]  816 	inc	dptr
      00017A F0               [24]  817 	movx	@dptr,a
      00017B 74 42            [12]  818 	mov	a,#0x42
      00017D A3               [24]  819 	inc	dptr
      00017E F0               [24]  820 	movx	@dptr,a
                                    821 ;	UART.c:109: interrupt_flag = 1;
      00017F 90r00r00         [24]  822 	mov	dptr,#_interrupt_flag
      000182 74 01            [12]  823 	mov	a,#0x01
      000184 F0               [24]  824 	movx	@dptr,a
      000185 E4               [12]  825 	clr	a
      000186 A3               [24]  826 	inc	dptr
      000187 F0               [24]  827 	movx	@dptr,a
                                    828 ;	UART.c:110: RI = 0;
                                    829 ;	assignBit
      000188 C2 98            [12]  830 	clr	_RI
      00018A                        831 00118$:
                                    832 ;	UART.c:113: }
      00018A D0 D0            [24]  833 	pop	psw
      00018C D0 00            [24]  834 	pop	(0+0)
      00018E D0 01            [24]  835 	pop	(0+1)
      000190 D0 02            [24]  836 	pop	(0+2)
      000192 D0 03            [24]  837 	pop	(0+3)
      000194 D0 04            [24]  838 	pop	(0+4)
      000196 D0 05            [24]  839 	pop	(0+5)
      000198 D0 06            [24]  840 	pop	(0+6)
      00019A D0 07            [24]  841 	pop	(0+7)
      00019C D0 83            [24]  842 	pop	dph
      00019E D0 82            [24]  843 	pop	dpl
      0001A0 D0 F0            [24]  844 	pop	b
      0001A2 D0 E0            [24]  845 	pop	acc
      0001A4 D0*00            [24]  846 	pop	bits
      0001A6 32               [24]  847 	reti
                                    848 	.area CSEG    (CODE)
                                    849 	.area CONST   (CODE)
                                    850 	.area XINIT   (CODE)
                                    851 	.area CABS    (ABS,CODE)
